c[?7l[2J[0mSeaBIOS (version rel-1.14.0-0-g155821a1990b-prebuilt.qemu.org)


iPXE (http://ipxe.org) 00:03.0 CA00 PCI2.10 PnP PMM+07F8F290+07EEF290 CA00
Press Ctrl-B to configure iPXE (PCI 00:03.0)...                                                                               


Booting from Hard Disk...
Boot failed: could not read the boot disk

Booting from Floppy...
Boot failed: could not read the boot disk

Booting from DVD/CD...
[0;30;47mWelcome [15;08H[15;09Hto GRUB!

[01;01H[0m[2J  Booting `cs5460[01;17H[01;18Hos'

Hello from C
page
page
page
page
page
page
page
page
page
page
page
page
page
page
page
page
